  Source.cpp
C:\Users\1\OneDrive - Instituto Politecnico Nacional (1)\5to semestre\VisionArtificial\Parcial1_Practicas\Examen\Source.cpp(38,35): warning C4305: 'inicializando': truncamiento de 'double' a 'float'
C:\Users\1\OneDrive - Instituto Politecnico Nacional (1)\5to semestre\VisionArtificial\Parcial1_Practicas\Examen\Source.cpp(39,34): warning C4305: 'inicializando': truncamiento de 'double' a 'float'
C:\Users\1\OneDrive - Instituto Politecnico Nacional (1)\5to semestre\VisionArtificial\Parcial1_Practicas\Examen\Source.cpp(147,35): warning C4244: '=': conversión de 'double' a '_Tp'; posible pérdida de datos
          with
          [
              _Tp=uchar
          ]
C:\Users\1\OneDrive - Instituto Politecnico Nacional (1)\5to semestre\VisionArtificial\Parcial1_Practicas\Examen\Source.cpp(160,25): warning C4305: 'inicializando': truncamiento de 'double' a 'float'
C:\Users\1\OneDrive - Instituto Politecnico Nacional (1)\5to semestre\VisionArtificial\Parcial1_Practicas\Examen\Source.cpp(316,34): warning C4244: '=': conversión de 'double' a '_Tp'; posible pérdida de datos
          with
          [
              _Tp=uchar
          ]
C:\Users\1\OneDrive - Instituto Politecnico Nacional (1)\5to semestre\VisionArtificial\Parcial1_Practicas\Examen\Source.cpp(318,11): warning C4804: '<': uso no seguro del tipo 'bool' en la operación
C:\Users\1\OneDrive - Instituto Politecnico Nacional (1)\5to semestre\VisionArtificial\Parcial1_Practicas\Examen\Source.cpp(318,39): warning C4804: '<=': uso no seguro del tipo 'bool' en la operación
C:\Users\1\OneDrive - Instituto Politecnico Nacional (1)\5to semestre\VisionArtificial\Parcial1_Practicas\Examen\Source.cpp(322,19): warning C4804: '<': uso no seguro del tipo 'bool' en la operación
C:\Users\1\OneDrive - Instituto Politecnico Nacional (1)\5to semestre\VisionArtificial\Parcial1_Practicas\Examen\Source.cpp(326,19): warning C4804: '<': uso no seguro del tipo 'bool' en la operación
C:\Users\1\OneDrive - Instituto Politecnico Nacional (1)\5to semestre\VisionArtificial\Parcial1_Practicas\Examen\Source.cpp(330,20): warning C4804: '<': uso no seguro del tipo 'bool' en la operación
  Generando código
  1 of 108 functions ( 0.9%) were compiled, the rest were copied from previous compilation.
    0 functions were new in current compilation
    3 functions had inline decision re-evaluated but remain unchanged
  Generación de código finalizada
  Examen.vcxproj -> C:\Users\1\OneDrive - Instituto Politecnico Nacional (1)\5to semestre\VisionArtificial\Parcial1_Practicas\Examen\x64\Release\Examen.exe
